INFO:2020-06-29 16:50:04,414:__main__:44:Started Polo version 0.0.1
INFO:2020-06-29 16:51:16,961:__main__:44:Started Polo version 0.0.1
INFO:2020-06-29 17:00:03,341:__main__:44:Started Polo version 0.0.1
INFO:2020-06-29 18:12:46,490:__main__:44:Started Polo version 0.0.1
INFO:2020-06-29 18:15:15,068:__main__:44:Started Polo version 0.0.1
INFO:2020-06-29 18:17:12,277:__main__:44:Started Polo version 0.0.1
INFO:2020-06-29 18:22:27,024:__main__:44:Started Polo version 0.0.1
INFO:2020-06-29 18:24:07,693:__main__:44:Started Polo version 0.0.1
INFO:2020-06-29 18:24:07,806:polo.widgets.slideshow_viewer:286:Failed to set None as __run attribute of <polo.widgets.slideshow_viewer.SlideshowViewer object at 0x7f25eb454678>
INFO:2020-06-29 18:24:07,806:polo.widgets.slideshow_viewer:260:Made <polo.widgets.slideshow_viewer.SlideshowViewer object at 0x7f25eb454678>
INFO:2020-06-29 18:24:07,813:polo.widgets.plate_inspector_widget:79:Set image count options to [16, 64, 96]
INFO:2020-06-29 18:24:07,837:polo.widgets.optimize_widget:93:Made <polo.widgets.optimize_widget.OptimizeWidget object at 0x7f25eb47c4c8>
INFO:2020-06-29 18:24:07,942:polo.windows.main_window:97:Created mainWindow object
INFO:2020-06-29 18:32:26,301:__main__:44:Started Polo version 0.0.1
INFO:2020-06-29 18:32:26,395:polo.widgets.slideshow_viewer:286:Failed to set None as __run attribute of <polo.widgets.slideshow_viewer.SlideshowViewer object at 0x7f27d7e98678>
INFO:2020-06-29 18:32:26,396:polo.widgets.slideshow_viewer:260:Made <polo.widgets.slideshow_viewer.SlideshowViewer object at 0x7f27d7e98678>
INFO:2020-06-29 18:32:26,403:polo.widgets.plate_inspector_widget:79:Set image count options to [16, 64, 96]
INFO:2020-06-29 18:32:26,409:polo.widgets.optimize_widget:93:Made <polo.widgets.optimize_widget.OptimizeWidget object at 0x7f27d7ebf4c8>
INFO:2020-06-29 18:32:26,414:polo.windows.main_window:97:Created mainWindow object
INFO:2020-06-29 18:34:50,872:__main__:44:Started Polo version 0.0.1
INFO:2020-06-29 18:34:50,971:polo.widgets.slideshow_viewer:286:Failed to set None as __run attribute of <polo.widgets.slideshow_viewer.SlideshowViewer object at 0x7f2c0fbf8678>
INFO:2020-06-29 18:34:50,971:polo.widgets.slideshow_viewer:260:Made <polo.widgets.slideshow_viewer.SlideshowViewer object at 0x7f2c0fbf8678>
INFO:2020-06-29 18:34:50,978:polo.widgets.plate_inspector_widget:79:Set image count options to [16, 64, 96]
INFO:2020-06-29 18:34:50,984:polo.widgets.optimize_widget:93:Made <polo.widgets.optimize_widget.OptimizeWidget object at 0x7f2c06b474c8>
INFO:2020-06-29 18:34:50,990:polo.windows.main_window:97:Created mainWindow object
INFO:2020-06-29 18:35:28,319:__main__:44:Started Polo version 0.0.1
INFO:2020-06-29 18:35:28,414:polo.widgets.slideshow_viewer:286:Failed to set None as __run attribute of <polo.widgets.slideshow_viewer.SlideshowViewer object at 0x7fb61bda7678>
INFO:2020-06-29 18:35:28,414:polo.widgets.slideshow_viewer:260:Made <polo.widgets.slideshow_viewer.SlideshowViewer object at 0x7fb61bda7678>
INFO:2020-06-29 18:35:28,422:polo.widgets.plate_inspector_widget:79:Set image count options to [16, 64, 96]
INFO:2020-06-29 18:35:28,428:polo.widgets.optimize_widget:93:Made <polo.widgets.optimize_widget.OptimizeWidget object at 0x7fb61bdd14c8>
INFO:2020-06-29 18:35:28,433:polo.windows.main_window:97:Created mainWindow object
INFO:2020-06-29 18:37:07,806:__main__:44:Started Polo version 0.0.1
INFO:2020-06-29 18:37:07,899:polo.widgets.slideshow_viewer:286:Failed to set None as __run attribute of <polo.widgets.slideshow_viewer.SlideshowViewer object at 0x7f9a2a455678>
INFO:2020-06-29 18:37:07,899:polo.widgets.slideshow_viewer:260:Made <polo.widgets.slideshow_viewer.SlideshowViewer object at 0x7f9a2a455678>
INFO:2020-06-29 18:37:07,906:polo.widgets.plate_inspector_widget:79:Set image count options to [16, 64, 96]
INFO:2020-06-29 18:37:07,913:polo.widgets.optimize_widget:93:Made <polo.widgets.optimize_widget.OptimizeWidget object at 0x7f9a2a47e4c8>
INFO:2020-06-29 18:37:07,919:polo.windows.main_window:97:Created mainWindow object
INFO:2020-06-29 18:37:27,907:__main__:44:Started Polo version 0.0.1
INFO:2020-06-29 18:37:28,006:polo.widgets.slideshow_viewer:286:Failed to set None as __run attribute of <polo.widgets.slideshow_viewer.SlideshowViewer object at 0x7fd311c0c678>
INFO:2020-06-29 18:37:28,006:polo.widgets.slideshow_viewer:260:Made <polo.widgets.slideshow_viewer.SlideshowViewer object at 0x7fd311c0c678>
INFO:2020-06-29 18:37:28,013:polo.widgets.plate_inspector_widget:79:Set image count options to [16, 64, 96]
INFO:2020-06-29 18:37:28,020:polo.widgets.optimize_widget:93:Made <polo.widgets.optimize_widget.OptimizeWidget object at 0x7fd3104c54c8>
INFO:2020-06-29 18:37:28,026:polo.windows.main_window:97:Created mainWindow object
