\BOOKMARK [0][-]{chapter.1}{\376\377\000A\000b\000o\000u\000t}{}% 1
\BOOKMARK [1][-]{section.1.1}{\376\377\000B\000a\000c\000k\000g\000r\000o\000u\000n\000d}{chapter.1}% 2
\BOOKMARK [1][-]{section.1.2}{\376\377\000F\000e\000a\000t\000u\000r\000e\000s}{chapter.1}% 3
\BOOKMARK [0][-]{chapter.2}{\376\377\000I\000n\000s\000t\000a\000l\000l\000a\000t\000i\000o\000n\000\040\000G\000u\000i\000d\000e}{}% 4
\BOOKMARK [0][-]{chapter.3}{\376\377\000F\000A\000Q\000s}{}% 5
\BOOKMARK [0][-]{chapter.4}{\376\377\000U\000s\000e\000r\040\031\000s\000\040\000G\000u\000i\000d\000e}{}% 6
\BOOKMARK [1][-]{section.4.1}{\376\377\000I\000m\000p\000o\000r\000t\000i\000n\000g\000\040\000a\000n\000d\000\040\000O\000p\000e\000n\000i\000n\000g\000\040\000I\000m\000a\000g\000e\000\040\000D\000a\000t\000a}{chapter.4}% 7
\BOOKMARK [1][-]{section.4.2}{\376\377\000U\000s\000i\000n\000g\000\040\000t\000h\000e\000\040\000S\000l\000i\000d\000e\000s\000h\000o\000w\000\040\000V\000i\000e\000w}{chapter.4}% 8
\BOOKMARK [1][-]{section.4.3}{\376\377\000U\000s\000i\000n\000g\000\040\000t\000h\000e\000\040\000P\000l\000a\000t\000e\000\040\000V\000i\000e\000w\000e\000r}{chapter.4}% 9
\BOOKMARK [1][-]{section.4.4}{\376\377\000U\000s\000i\000n\000g\000\040\000t\000h\000e\000\040\000T\000a\000b\000l\000e\000\040\000V\000i\000e\000w}{chapter.4}% 10
\BOOKMARK [1][-]{section.4.5}{\376\377\000U\000s\000i\000n\000g\000\040\000P\000l\000o\000t\000\040\000F\000u\000n\000c\000t\000i\000o\000n\000s}{chapter.4}% 11
\BOOKMARK [1][-]{section.4.6}{\376\377\000U\000s\000i\000n\000g\000\040\000t\000h\000e\000\040\000O\000p\000t\000i\000m\000i\000z\000e\000\040\000T\000o\000o\000l}{chapter.4}% 12
\BOOKMARK [1][-]{section.4.7}{\376\377\000A\000d\000v\000a\000n\000c\000e\000d\000\040\000T\000o\000o\000l\000s}{chapter.4}% 13
\BOOKMARK [1][-]{section.4.8}{\376\377\000S\000a\000v\000i\000n\000g\000\040\000a\000\040\000R\000u\000n}{chapter.4}% 14
\BOOKMARK [1][-]{section.4.9}{\376\377\000E\000x\000p\000o\000r\000t\000i\000n\000g\000\040\000a\000\040\000R\000u\000n}{chapter.4}% 15
\BOOKMARK [0][-]{chapter.5}{\376\377\000B\000e\000t\000a\000\040\000T\000e\000s\000t\000e\000r\000s\000\040\000G\000u\000i\000d\000e}{}% 16
\BOOKMARK [1][-]{section.5.1}{\376\377\000T\000h\000a\000n\000k\000\040\000Y\000o\000u\000!}{chapter.5}% 17
\BOOKMARK [1][-]{section.5.2}{\376\377\000G\000e\000t\000t\000i\000n\000g\000\040\000P\000o\000l\000o\000\040\000B\000e\000t\000a\000\040\000V\000e\000r\000s\000i\000o\000n}{chapter.5}% 18
\BOOKMARK [1][-]{section.5.3}{\376\377\000W\000h\000a\000t\000\040\000N\000o\000w\000?}{chapter.5}% 19
\BOOKMARK [1][-]{section.5.4}{\376\377\000I\000\040\000F\000o\000u\000n\000d\000\040\000a\000\040\000B\000u\000g}{chapter.5}% 20
\BOOKMARK [0][-]{chapter.6}{\376\377\000p\000o\000l\000o\000\040\000p\000a\000c\000k\000a\000g\000e}{}% 21
\BOOKMARK [1][-]{section.6.1}{\376\377\000S\000u\000b\000p\000a\000c\000k\000a\000g\000e\000s}{chapter.6}% 22
\BOOKMARK [1][-]{section.6.2}{\376\377\000M\000o\000d\000u\000l\000e\000\040\000c\000o\000n\000t\000e\000n\000t\000s}{chapter.6}% 23
\BOOKMARK [0][-]{chapter.7}{\376\377\000I\000n\000d\000i\000c\000e\000s\000\040\000a\000n\000d\000\040\000t\000a\000b\000l\000e\000s}{}% 24
\BOOKMARK [0][-]{section*.593}{\376\377\000P\000y\000t\000h\000o\000n\000\040\000M\000o\000d\000u\000l\000e\000\040\000I\000n\000d\000e\000x}{}% 25
