DEBUG	2020-10-19 00:35:46,457	polo.crystallography.run	1809	Added 1535 Cocktails
DEBUG	2020-10-19 00:35:46,457	polo.crystallography.run	1797	Created Menu for path /home/ethan/Documents/github/HWI/Marco_Polo/src/data/cocktail_data/MSC2_cocktail_list_092809.csv
DEBUG	2020-10-19 00:35:46,490	polo.crystallography.run	1809	Added 1536 Cocktails
DEBUG	2020-10-19 00:35:46,490	polo.crystallography.run	1797	Created Menu for path /home/ethan/Documents/github/HWI/Marco_Polo/src/data/cocktail_data/MSC8_1536_cocktail_list_complist.csv
DEBUG	2020-10-19 00:35:46,527	polo.crystallography.run	1809	Added 1536 Cocktails
DEBUG	2020-10-19 00:35:46,527	polo.crystallography.run	1797	Created Menu for path /home/ethan/Documents/github/HWI/Marco_Polo/src/data/cocktail_data/MSC5_1536_cocktail_list_complist.csv
DEBUG	2020-10-19 00:35:46,561	polo.crystallography.run	1809	Added 1536 Cocktails
DEBUG	2020-10-19 00:35:46,561	polo.crystallography.run	1797	Created Menu for path /home/ethan/Documents/github/HWI/Marco_Polo/src/data/cocktail_data/MSC3_1536_cocktail_list_complist.csv
DEBUG	2020-10-19 00:35:46,597	polo.crystallography.run	1809	Added 1536 Cocktails
DEBUG	2020-10-19 00:35:46,597	polo.crystallography.run	1797	Created Menu for path /home/ethan/Documents/github/HWI/Marco_Polo/src/data/cocktail_data/MSC4_1536_cocktail_list_complist-for-web.csv
DEBUG	2020-10-19 00:35:46,631	polo.crystallography.run	1809	Added 1536 Cocktails
DEBUG	2020-10-19 00:35:46,631	polo.crystallography.run	1797	Created Menu for path /home/ethan/Documents/github/HWI/Marco_Polo/src/data/cocktail_data/MSC6_1536_cocktail_list_complist.csv
DEBUG	2020-10-19 00:35:46,663	polo.crystallography.run	1809	Added 1536 Cocktails
DEBUG	2020-10-19 00:35:46,664	polo.crystallography.run	1797	Created Menu for path /home/ethan/Documents/github/HWI/Marco_Polo/src/data/cocktail_data/13_C1536.csv
DEBUG	2020-10-19 00:35:46,696	polo.crystallography.run	1809	Added 1536 Cocktails
DEBUG	2020-10-19 00:35:46,696	polo.crystallography.run	1797	Created Menu for path /home/ethan/Documents/github/HWI/Marco_Polo/src/data/cocktail_data/13A_C1536.csv
DEBUG	2020-10-19 00:35:46,728	polo.crystallography.run	1809	Added 1536 Cocktails
DEBUG	2020-10-19 00:35:46,728	polo.crystallography.run	1797	Created Menu for path /home/ethan/Documents/github/HWI/Marco_Polo/src/data/cocktail_data/10_C1536.csv
DEBUG	2020-10-19 00:35:46,762	polo.crystallography.run	1809	Added 1536 Cocktails
DEBUG	2020-10-19 00:35:46,763	polo.crystallography.run	1797	Created Menu for path /home/ethan/Documents/github/HWI/Marco_Polo/src/data/cocktail_data/17_C1536_B.csv
DEBUG	2020-10-19 00:35:46,796	polo.crystallography.run	1809	Added 1536 Cocktails
DEBUG	2020-10-19 00:35:46,796	polo.crystallography.run	1797	Created Menu for path /home/ethan/Documents/github/HWI/Marco_Polo/src/data/cocktail_data/14_C1536.csv
DEBUG	2020-10-19 00:35:47,033	polo.crystallography.run	1809	Added 1536 Cocktails
DEBUG	2020-10-19 00:35:47,033	polo.crystallography.run	1797	Created Menu for path /home/ethan/Documents/github/HWI/Marco_Polo/src/data/cocktail_data/11_C1536.csv
DEBUG	2020-10-19 00:35:47,072	polo.crystallography.run	1809	Added 1536 Cocktails
DEBUG	2020-10-19 00:35:47,072	polo.crystallography.run	1797	Created Menu for path /home/ethan/Documents/github/HWI/Marco_Polo/src/data/cocktail_data/16_C1536.csv
DEBUG	2020-10-19 00:35:47,106	polo.crystallography.run	1809	Added 1536 Cocktails
DEBUG	2020-10-19 00:35:47,106	polo.crystallography.run	1797	Created Menu for path /home/ethan/Documents/github/HWI/Marco_Polo/src/data/cocktail_data/12_C1536.csv
DEBUG	2020-10-19 00:35:47,139	polo.crystallography.run	1809	Added 1536 Cocktails
DEBUG	2020-10-19 00:35:47,139	polo.crystallography.run	1797	Created Menu for path /home/ethan/Documents/github/HWI/Marco_Polo/src/data/cocktail_data/9_C1536.csv
DEBUG	2020-10-19 00:35:47,174	polo.crystallography.run	1809	Added 1536 Cocktails
DEBUG	2020-10-19 00:35:47,174	polo.crystallography.run	1797	Created Menu for path /home/ethan/Documents/github/HWI/Marco_Polo/src/data/cocktail_data/15_C1536.csv
DEBUG	2020-10-19 00:37:19,223	polo.crystallography.run	1809	Added 1535 Cocktails
DEBUG	2020-10-19 00:37:19,223	polo.crystallography.run	1797	Created Menu for path /home/ethan/Documents/github/HWI/Marco_Polo/src/data/cocktail_data/MSC2_cocktail_list_092809.csv
DEBUG	2020-10-19 00:37:19,257	polo.crystallography.run	1809	Added 1536 Cocktails
DEBUG	2020-10-19 00:37:19,257	polo.crystallography.run	1797	Created Menu for path /home/ethan/Documents/github/HWI/Marco_Polo/src/data/cocktail_data/MSC8_1536_cocktail_list_complist.csv
DEBUG	2020-10-19 00:37:19,292	polo.crystallography.run	1809	Added 1536 Cocktails
DEBUG	2020-10-19 00:37:19,293	polo.crystallography.run	1797	Created Menu for path /home/ethan/Documents/github/HWI/Marco_Polo/src/data/cocktail_data/MSC5_1536_cocktail_list_complist.csv
DEBUG	2020-10-19 00:37:19,328	polo.crystallography.run	1809	Added 1536 Cocktails
DEBUG	2020-10-19 00:37:19,328	polo.crystallography.run	1797	Created Menu for path /home/ethan/Documents/github/HWI/Marco_Polo/src/data/cocktail_data/MSC3_1536_cocktail_list_complist.csv
DEBUG	2020-10-19 00:37:19,365	polo.crystallography.run	1809	Added 1536 Cocktails
DEBUG	2020-10-19 00:37:19,365	polo.crystallography.run	1797	Created Menu for path /home/ethan/Documents/github/HWI/Marco_Polo/src/data/cocktail_data/MSC4_1536_cocktail_list_complist-for-web.csv
DEBUG	2020-10-19 00:37:19,400	polo.crystallography.run	1809	Added 1536 Cocktails
DEBUG	2020-10-19 00:37:19,400	polo.crystallography.run	1797	Created Menu for path /home/ethan/Documents/github/HWI/Marco_Polo/src/data/cocktail_data/MSC6_1536_cocktail_list_complist.csv
DEBUG	2020-10-19 00:37:19,434	polo.crystallography.run	1809	Added 1536 Cocktails
DEBUG	2020-10-19 00:37:19,434	polo.crystallography.run	1797	Created Menu for path /home/ethan/Documents/github/HWI/Marco_Polo/src/data/cocktail_data/13_C1536.csv
DEBUG	2020-10-19 00:37:19,467	polo.crystallography.run	1809	Added 1536 Cocktails
DEBUG	2020-10-19 00:37:19,467	polo.crystallography.run	1797	Created Menu for path /home/ethan/Documents/github/HWI/Marco_Polo/src/data/cocktail_data/13A_C1536.csv
DEBUG	2020-10-19 00:37:19,500	polo.crystallography.run	1809	Added 1536 Cocktails
DEBUG	2020-10-19 00:37:19,500	polo.crystallography.run	1797	Created Menu for path /home/ethan/Documents/github/HWI/Marco_Polo/src/data/cocktail_data/10_C1536.csv
DEBUG	2020-10-19 00:37:19,533	polo.crystallography.run	1809	Added 1536 Cocktails
DEBUG	2020-10-19 00:37:19,533	polo.crystallography.run	1797	Created Menu for path /home/ethan/Documents/github/HWI/Marco_Polo/src/data/cocktail_data/17_C1536_B.csv
DEBUG	2020-10-19 00:37:19,578	polo.crystallography.run	1809	Added 1536 Cocktails
DEBUG	2020-10-19 00:37:19,578	polo.crystallography.run	1797	Created Menu for path /home/ethan/Documents/github/HWI/Marco_Polo/src/data/cocktail_data/14_C1536.csv
DEBUG	2020-10-19 00:37:19,831	polo.crystallography.run	1809	Added 1536 Cocktails
DEBUG	2020-10-19 00:37:19,832	polo.crystallography.run	1797	Created Menu for path /home/ethan/Documents/github/HWI/Marco_Polo/src/data/cocktail_data/11_C1536.csv
DEBUG	2020-10-19 00:37:19,879	polo.crystallography.run	1809	Added 1536 Cocktails
DEBUG	2020-10-19 00:37:19,879	polo.crystallography.run	1797	Created Menu for path /home/ethan/Documents/github/HWI/Marco_Polo/src/data/cocktail_data/16_C1536.csv
DEBUG	2020-10-19 00:37:19,929	polo.crystallography.run	1809	Added 1536 Cocktails
DEBUG	2020-10-19 00:37:19,930	polo.crystallography.run	1797	Created Menu for path /home/ethan/Documents/github/HWI/Marco_Polo/src/data/cocktail_data/12_C1536.csv
DEBUG	2020-10-19 00:37:19,973	polo.crystallography.run	1809	Added 1536 Cocktails
DEBUG	2020-10-19 00:37:19,973	polo.crystallography.run	1797	Created Menu for path /home/ethan/Documents/github/HWI/Marco_Polo/src/data/cocktail_data/9_C1536.csv
DEBUG	2020-10-19 00:37:20,018	polo.crystallography.run	1809	Added 1536 Cocktails
DEBUG	2020-10-19 00:37:20,018	polo.crystallography.run	1797	Created Menu for path /home/ethan/Documents/github/HWI/Marco_Polo/src/data/cocktail_data/15_C1536.csv
DEBUG	2020-12-14 16:17:35,605	polo.crystallography.run	1835	Added 1535 Cocktails
DEBUG	2020-12-14 16:17:35,607	polo.crystallography.run	1823	Created Menu for path /home/ethan/Documents/github/HWI/Marco_Polo/src/data/cocktail_data/MSC2_cocktail_list_092809.csv
DEBUG	2020-12-14 16:17:35,633	polo.crystallography.run	1835	Added 1536 Cocktails
DEBUG	2020-12-14 16:17:35,633	polo.crystallography.run	1823	Created Menu for path /home/ethan/Documents/github/HWI/Marco_Polo/src/data/cocktail_data/MSC8_1536_cocktail_list_complist.csv
DEBUG	2020-12-14 16:17:35,660	polo.crystallography.run	1835	Added 1536 Cocktails
DEBUG	2020-12-14 16:17:35,661	polo.crystallography.run	1823	Created Menu for path /home/ethan/Documents/github/HWI/Marco_Polo/src/data/cocktail_data/MSC5_1536_cocktail_list_complist.csv
DEBUG	2020-12-14 16:17:35,688	polo.crystallography.run	1835	Added 1536 Cocktails
DEBUG	2020-12-14 16:17:35,688	polo.crystallography.run	1823	Created Menu for path /home/ethan/Documents/github/HWI/Marco_Polo/src/data/cocktail_data/MSC3_1536_cocktail_list_complist.csv
DEBUG	2020-12-14 16:17:35,722	polo.crystallography.run	1835	Added 1536 Cocktails
DEBUG	2020-12-14 16:17:35,722	polo.crystallography.run	1823	Created Menu for path /home/ethan/Documents/github/HWI/Marco_Polo/src/data/cocktail_data/MSC4_1536_cocktail_list_complist-for-web.csv
DEBUG	2020-12-14 16:17:35,753	polo.crystallography.run	1835	Added 1536 Cocktails
DEBUG	2020-12-14 16:17:35,754	polo.crystallography.run	1823	Created Menu for path /home/ethan/Documents/github/HWI/Marco_Polo/src/data/cocktail_data/MSC6_1536_cocktail_list_complist.csv
DEBUG	2020-12-14 16:17:35,781	polo.crystallography.run	1835	Added 1536 Cocktails
DEBUG	2020-12-14 16:17:35,781	polo.crystallography.run	1823	Created Menu for path /home/ethan/Documents/github/HWI/Marco_Polo/src/data/cocktail_data/13_C1536.csv
DEBUG	2020-12-14 16:17:35,809	polo.crystallography.run	1835	Added 1536 Cocktails
DEBUG	2020-12-14 16:17:35,809	polo.crystallography.run	1823	Created Menu for path /home/ethan/Documents/github/HWI/Marco_Polo/src/data/cocktail_data/13A_C1536.csv
DEBUG	2020-12-14 16:17:35,980	polo.crystallography.run	1835	Added 1536 Cocktails
DEBUG	2020-12-14 16:17:35,980	polo.crystallography.run	1823	Created Menu for path /home/ethan/Documents/github/HWI/Marco_Polo/src/data/cocktail_data/10_C1536.csv
DEBUG	2020-12-14 16:17:36,009	polo.crystallography.run	1835	Added 1536 Cocktails
DEBUG	2020-12-14 16:17:36,010	polo.crystallography.run	1823	Created Menu for path /home/ethan/Documents/github/HWI/Marco_Polo/src/data/cocktail_data/17_C1536_B.csv
DEBUG	2020-12-14 16:17:36,038	polo.crystallography.run	1835	Added 1536 Cocktails
DEBUG	2020-12-14 16:17:36,038	polo.crystallography.run	1823	Created Menu for path /home/ethan/Documents/github/HWI/Marco_Polo/src/data/cocktail_data/14_C1536.csv
DEBUG	2020-12-14 16:17:36,065	polo.crystallography.run	1835	Added 1536 Cocktails
DEBUG	2020-12-14 16:17:36,065	polo.crystallography.run	1823	Created Menu for path /home/ethan/Documents/github/HWI/Marco_Polo/src/data/cocktail_data/11_C1536.csv
DEBUG	2020-12-14 16:17:36,091	polo.crystallography.run	1835	Added 1536 Cocktails
DEBUG	2020-12-14 16:17:36,091	polo.crystallography.run	1823	Created Menu for path /home/ethan/Documents/github/HWI/Marco_Polo/src/data/cocktail_data/16_C1536.csv
DEBUG	2020-12-14 16:17:36,121	polo.crystallography.run	1835	Added 1536 Cocktails
DEBUG	2020-12-14 16:17:36,122	polo.crystallography.run	1823	Created Menu for path /home/ethan/Documents/github/HWI/Marco_Polo/src/data/cocktail_data/12_C1536.csv
DEBUG	2020-12-14 16:17:36,148	polo.crystallography.run	1835	Added 1536 Cocktails
DEBUG	2020-12-14 16:17:36,148	polo.crystallography.run	1823	Created Menu for path /home/ethan/Documents/github/HWI/Marco_Polo/src/data/cocktail_data/9_C1536.csv
DEBUG	2020-12-14 16:17:36,176	polo.crystallography.run	1835	Added 1536 Cocktails
DEBUG	2020-12-14 16:17:36,176	polo.crystallography.run	1823	Created Menu for path /home/ethan/Documents/github/HWI/Marco_Polo/src/data/cocktail_data/15_C1536.csv
DEBUG	2020-12-14 16:18:23,660	polo.crystallography.run	1835	Added 1535 Cocktails
DEBUG	2020-12-14 16:18:23,660	polo.crystallography.run	1823	Created Menu for path /home/ethan/Documents/github/HWI/Marco_Polo/src/data/cocktail_data/MSC2_cocktail_list_092809.csv
DEBUG	2020-12-14 16:18:23,689	polo.crystallography.run	1835	Added 1536 Cocktails
DEBUG	2020-12-14 16:18:23,690	polo.crystallography.run	1823	Created Menu for path /home/ethan/Documents/github/HWI/Marco_Polo/src/data/cocktail_data/MSC8_1536_cocktail_list_complist.csv
DEBUG	2020-12-14 16:18:23,716	polo.crystallography.run	1835	Added 1536 Cocktails
DEBUG	2020-12-14 16:18:23,716	polo.crystallography.run	1823	Created Menu for path /home/ethan/Documents/github/HWI/Marco_Polo/src/data/cocktail_data/MSC5_1536_cocktail_list_complist.csv
DEBUG	2020-12-14 16:18:23,756	polo.crystallography.run	1835	Added 1536 Cocktails
DEBUG	2020-12-14 16:18:23,756	polo.crystallography.run	1823	Created Menu for path /home/ethan/Documents/github/HWI/Marco_Polo/src/data/cocktail_data/MSC3_1536_cocktail_list_complist.csv
DEBUG	2020-12-14 16:18:23,784	polo.crystallography.run	1835	Added 1536 Cocktails
DEBUG	2020-12-14 16:18:23,784	polo.crystallography.run	1823	Created Menu for path /home/ethan/Documents/github/HWI/Marco_Polo/src/data/cocktail_data/MSC4_1536_cocktail_list_complist-for-web.csv
DEBUG	2020-12-14 16:18:23,811	polo.crystallography.run	1835	Added 1536 Cocktails
DEBUG	2020-12-14 16:18:23,811	polo.crystallography.run	1823	Created Menu for path /home/ethan/Documents/github/HWI/Marco_Polo/src/data/cocktail_data/MSC6_1536_cocktail_list_complist.csv
DEBUG	2020-12-14 16:18:23,837	polo.crystallography.run	1835	Added 1536 Cocktails
DEBUG	2020-12-14 16:18:23,837	polo.crystallography.run	1823	Created Menu for path /home/ethan/Documents/github/HWI/Marco_Polo/src/data/cocktail_data/13_C1536.csv
DEBUG	2020-12-14 16:18:23,863	polo.crystallography.run	1835	Added 1536 Cocktails
DEBUG	2020-12-14 16:18:23,863	polo.crystallography.run	1823	Created Menu for path /home/ethan/Documents/github/HWI/Marco_Polo/src/data/cocktail_data/13A_C1536.csv
DEBUG	2020-12-14 16:18:23,890	polo.crystallography.run	1835	Added 1536 Cocktails
DEBUG	2020-12-14 16:18:23,890	polo.crystallography.run	1823	Created Menu for path /home/ethan/Documents/github/HWI/Marco_Polo/src/data/cocktail_data/10_C1536.csv
DEBUG	2020-12-14 16:18:24,044	polo.crystallography.run	1835	Added 1536 Cocktails
DEBUG	2020-12-14 16:18:24,044	polo.crystallography.run	1823	Created Menu for path /home/ethan/Documents/github/HWI/Marco_Polo/src/data/cocktail_data/17_C1536_B.csv
DEBUG	2020-12-14 16:18:24,073	polo.crystallography.run	1835	Added 1536 Cocktails
DEBUG	2020-12-14 16:18:24,074	polo.crystallography.run	1823	Created Menu for path /home/ethan/Documents/github/HWI/Marco_Polo/src/data/cocktail_data/14_C1536.csv
DEBUG	2020-12-14 16:18:24,100	polo.crystallography.run	1835	Added 1536 Cocktails
DEBUG	2020-12-14 16:18:24,100	polo.crystallography.run	1823	Created Menu for path /home/ethan/Documents/github/HWI/Marco_Polo/src/data/cocktail_data/11_C1536.csv
DEBUG	2020-12-14 16:18:24,133	polo.crystallography.run	1835	Added 1536 Cocktails
DEBUG	2020-12-14 16:18:24,133	polo.crystallography.run	1823	Created Menu for path /home/ethan/Documents/github/HWI/Marco_Polo/src/data/cocktail_data/16_C1536.csv
DEBUG	2020-12-14 16:18:24,162	polo.crystallography.run	1835	Added 1536 Cocktails
DEBUG	2020-12-14 16:18:24,162	polo.crystallography.run	1823	Created Menu for path /home/ethan/Documents/github/HWI/Marco_Polo/src/data/cocktail_data/12_C1536.csv
DEBUG	2020-12-14 16:18:24,187	polo.crystallography.run	1835	Added 1536 Cocktails
DEBUG	2020-12-14 16:18:24,187	polo.crystallography.run	1823	Created Menu for path /home/ethan/Documents/github/HWI/Marco_Polo/src/data/cocktail_data/9_C1536.csv
DEBUG	2020-12-14 16:18:24,217	polo.crystallography.run	1835	Added 1536 Cocktails
DEBUG	2020-12-14 16:18:24,217	polo.crystallography.run	1823	Created Menu for path /home/ethan/Documents/github/HWI/Marco_Polo/src/data/cocktail_data/15_C1536.csv
DEBUG	2020-12-14 16:20:24,074	polo.crystallography.run	1835	Added 1535 Cocktails
DEBUG	2020-12-14 16:20:24,074	polo.crystallography.run	1823	Created Menu for path /home/ethan/Documents/github/HWI/Marco_Polo/src/data/cocktail_data/MSC2_cocktail_list_092809.csv
DEBUG	2020-12-14 16:20:24,103	polo.crystallography.run	1835	Added 1536 Cocktails
DEBUG	2020-12-14 16:20:24,103	polo.crystallography.run	1823	Created Menu for path /home/ethan/Documents/github/HWI/Marco_Polo/src/data/cocktail_data/MSC8_1536_cocktail_list_complist.csv
DEBUG	2020-12-14 16:20:24,131	polo.crystallography.run	1835	Added 1536 Cocktails
DEBUG	2020-12-14 16:20:24,131	polo.crystallography.run	1823	Created Menu for path /home/ethan/Documents/github/HWI/Marco_Polo/src/data/cocktail_data/MSC5_1536_cocktail_list_complist.csv
DEBUG	2020-12-14 16:20:24,160	polo.crystallography.run	1835	Added 1536 Cocktails
DEBUG	2020-12-14 16:20:24,160	polo.crystallography.run	1823	Created Menu for path /home/ethan/Documents/github/HWI/Marco_Polo/src/data/cocktail_data/MSC3_1536_cocktail_list_complist.csv
DEBUG	2020-12-14 16:20:24,188	polo.crystallography.run	1835	Added 1536 Cocktails
DEBUG	2020-12-14 16:20:24,188	polo.crystallography.run	1823	Created Menu for path /home/ethan/Documents/github/HWI/Marco_Polo/src/data/cocktail_data/MSC4_1536_cocktail_list_complist-for-web.csv
DEBUG	2020-12-14 16:20:24,215	polo.crystallography.run	1835	Added 1536 Cocktails
DEBUG	2020-12-14 16:20:24,215	polo.crystallography.run	1823	Created Menu for path /home/ethan/Documents/github/HWI/Marco_Polo/src/data/cocktail_data/MSC6_1536_cocktail_list_complist.csv
DEBUG	2020-12-14 16:20:24,240	polo.crystallography.run	1835	Added 1536 Cocktails
DEBUG	2020-12-14 16:20:24,240	polo.crystallography.run	1823	Created Menu for path /home/ethan/Documents/github/HWI/Marco_Polo/src/data/cocktail_data/13_C1536.csv
DEBUG	2020-12-14 16:20:24,266	polo.crystallography.run	1835	Added 1536 Cocktails
DEBUG	2020-12-14 16:20:24,267	polo.crystallography.run	1823	Created Menu for path /home/ethan/Documents/github/HWI/Marco_Polo/src/data/cocktail_data/13A_C1536.csv
DEBUG	2020-12-14 16:20:24,294	polo.crystallography.run	1835	Added 1536 Cocktails
DEBUG	2020-12-14 16:20:24,294	polo.crystallography.run	1823	Created Menu for path /home/ethan/Documents/github/HWI/Marco_Polo/src/data/cocktail_data/10_C1536.csv
DEBUG	2020-12-14 16:20:24,467	polo.crystallography.run	1835	Added 1536 Cocktails
DEBUG	2020-12-14 16:20:24,467	polo.crystallography.run	1823	Created Menu for path /home/ethan/Documents/github/HWI/Marco_Polo/src/data/cocktail_data/17_C1536_B.csv
DEBUG	2020-12-14 16:20:24,494	polo.crystallography.run	1835	Added 1536 Cocktails
DEBUG	2020-12-14 16:20:24,494	polo.crystallography.run	1823	Created Menu for path /home/ethan/Documents/github/HWI/Marco_Polo/src/data/cocktail_data/14_C1536.csv
DEBUG	2020-12-14 16:20:24,519	polo.crystallography.run	1835	Added 1536 Cocktails
DEBUG	2020-12-14 16:20:24,519	polo.crystallography.run	1823	Created Menu for path /home/ethan/Documents/github/HWI/Marco_Polo/src/data/cocktail_data/11_C1536.csv
DEBUG	2020-12-14 16:20:24,545	polo.crystallography.run	1835	Added 1536 Cocktails
DEBUG	2020-12-14 16:20:24,545	polo.crystallography.run	1823	Created Menu for path /home/ethan/Documents/github/HWI/Marco_Polo/src/data/cocktail_data/16_C1536.csv
DEBUG	2020-12-14 16:20:24,572	polo.crystallography.run	1835	Added 1536 Cocktails
DEBUG	2020-12-14 16:20:24,572	polo.crystallography.run	1823	Created Menu for path /home/ethan/Documents/github/HWI/Marco_Polo/src/data/cocktail_data/12_C1536.csv
DEBUG	2020-12-14 16:20:24,597	polo.crystallography.run	1835	Added 1536 Cocktails
DEBUG	2020-12-14 16:20:24,597	polo.crystallography.run	1823	Created Menu for path /home/ethan/Documents/github/HWI/Marco_Polo/src/data/cocktail_data/9_C1536.csv
DEBUG	2020-12-14 16:20:24,622	polo.crystallography.run	1835	Added 1536 Cocktails
DEBUG	2020-12-14 16:20:24,622	polo.crystallography.run	1823	Created Menu for path /home/ethan/Documents/github/HWI/Marco_Polo/src/data/cocktail_data/15_C1536.csv
DEBUG	2020-12-14 16:20:46,758	polo.crystallography.run	1835	Added 1535 Cocktails
DEBUG	2020-12-14 16:20:46,759	polo.crystallography.run	1823	Created Menu for path /home/ethan/Documents/github/HWI/Marco_Polo/src/data/cocktail_data/MSC2_cocktail_list_092809.csv
DEBUG	2020-12-14 16:20:46,786	polo.crystallography.run	1835	Added 1536 Cocktails
DEBUG	2020-12-14 16:20:46,786	polo.crystallography.run	1823	Created Menu for path /home/ethan/Documents/github/HWI/Marco_Polo/src/data/cocktail_data/MSC8_1536_cocktail_list_complist.csv
DEBUG	2020-12-14 16:20:46,813	polo.crystallography.run	1835	Added 1536 Cocktails
DEBUG	2020-12-14 16:20:46,813	polo.crystallography.run	1823	Created Menu for path /home/ethan/Documents/github/HWI/Marco_Polo/src/data/cocktail_data/MSC5_1536_cocktail_list_complist.csv
DEBUG	2020-12-14 16:20:46,841	polo.crystallography.run	1835	Added 1536 Cocktails
DEBUG	2020-12-14 16:20:46,842	polo.crystallography.run	1823	Created Menu for path /home/ethan/Documents/github/HWI/Marco_Polo/src/data/cocktail_data/MSC3_1536_cocktail_list_complist.csv
DEBUG	2020-12-14 16:20:46,867	polo.crystallography.run	1835	Added 1536 Cocktails
DEBUG	2020-12-14 16:20:46,868	polo.crystallography.run	1823	Created Menu for path /home/ethan/Documents/github/HWI/Marco_Polo/src/data/cocktail_data/MSC4_1536_cocktail_list_complist-for-web.csv
DEBUG	2020-12-14 16:20:46,894	polo.crystallography.run	1835	Added 1536 Cocktails
DEBUG	2020-12-14 16:20:46,894	polo.crystallography.run	1823	Created Menu for path /home/ethan/Documents/github/HWI/Marco_Polo/src/data/cocktail_data/MSC6_1536_cocktail_list_complist.csv
DEBUG	2020-12-14 16:20:46,920	polo.crystallography.run	1835	Added 1536 Cocktails
DEBUG	2020-12-14 16:20:46,920	polo.crystallography.run	1823	Created Menu for path /home/ethan/Documents/github/HWI/Marco_Polo/src/data/cocktail_data/13_C1536.csv
DEBUG	2020-12-14 16:20:46,947	polo.crystallography.run	1835	Added 1536 Cocktails
DEBUG	2020-12-14 16:20:46,947	polo.crystallography.run	1823	Created Menu for path /home/ethan/Documents/github/HWI/Marco_Polo/src/data/cocktail_data/13A_C1536.csv
DEBUG	2020-12-14 16:20:46,973	polo.crystallography.run	1835	Added 1536 Cocktails
DEBUG	2020-12-14 16:20:46,973	polo.crystallography.run	1823	Created Menu for path /home/ethan/Documents/github/HWI/Marco_Polo/src/data/cocktail_data/10_C1536.csv
DEBUG	2020-12-14 16:20:47,147	polo.crystallography.run	1835	Added 1536 Cocktails
DEBUG	2020-12-14 16:20:47,147	polo.crystallography.run	1823	Created Menu for path /home/ethan/Documents/github/HWI/Marco_Polo/src/data/cocktail_data/17_C1536_B.csv
DEBUG	2020-12-14 16:20:47,174	polo.crystallography.run	1835	Added 1536 Cocktails
DEBUG	2020-12-14 16:20:47,175	polo.crystallography.run	1823	Created Menu for path /home/ethan/Documents/github/HWI/Marco_Polo/src/data/cocktail_data/14_C1536.csv
DEBUG	2020-12-14 16:20:47,200	polo.crystallography.run	1835	Added 1536 Cocktails
DEBUG	2020-12-14 16:20:47,200	polo.crystallography.run	1823	Created Menu for path /home/ethan/Documents/github/HWI/Marco_Polo/src/data/cocktail_data/11_C1536.csv
DEBUG	2020-12-14 16:20:47,227	polo.crystallography.run	1835	Added 1536 Cocktails
DEBUG	2020-12-14 16:20:47,227	polo.crystallography.run	1823	Created Menu for path /home/ethan/Documents/github/HWI/Marco_Polo/src/data/cocktail_data/16_C1536.csv
DEBUG	2020-12-14 16:20:47,253	polo.crystallography.run	1835	Added 1536 Cocktails
DEBUG	2020-12-14 16:20:47,253	polo.crystallography.run	1823	Created Menu for path /home/ethan/Documents/github/HWI/Marco_Polo/src/data/cocktail_data/12_C1536.csv
DEBUG	2020-12-14 16:20:47,279	polo.crystallography.run	1835	Added 1536 Cocktails
DEBUG	2020-12-14 16:20:47,279	polo.crystallography.run	1823	Created Menu for path /home/ethan/Documents/github/HWI/Marco_Polo/src/data/cocktail_data/9_C1536.csv
DEBUG	2020-12-14 16:20:47,304	polo.crystallography.run	1835	Added 1536 Cocktails
DEBUG	2020-12-14 16:20:47,304	polo.crystallography.run	1823	Created Menu for path /home/ethan/Documents/github/HWI/Marco_Polo/src/data/cocktail_data/15_C1536.csv
DEBUG	2020-12-14 16:21:19,366	polo.crystallography.run	1835	Added 1535 Cocktails
DEBUG	2020-12-14 16:21:19,366	polo.crystallography.run	1823	Created Menu for path /home/ethan/Documents/github/HWI/Marco_Polo/src/data/cocktail_data/MSC2_cocktail_list_092809.csv
DEBUG	2020-12-14 16:21:19,393	polo.crystallography.run	1835	Added 1536 Cocktails
DEBUG	2020-12-14 16:21:19,393	polo.crystallography.run	1823	Created Menu for path /home/ethan/Documents/github/HWI/Marco_Polo/src/data/cocktail_data/MSC8_1536_cocktail_list_complist.csv
DEBUG	2020-12-14 16:21:19,421	polo.crystallography.run	1835	Added 1536 Cocktails
DEBUG	2020-12-14 16:21:19,421	polo.crystallography.run	1823	Created Menu for path /home/ethan/Documents/github/HWI/Marco_Polo/src/data/cocktail_data/MSC5_1536_cocktail_list_complist.csv
DEBUG	2020-12-14 16:21:19,451	polo.crystallography.run	1835	Added 1536 Cocktails
DEBUG	2020-12-14 16:21:19,452	polo.crystallography.run	1823	Created Menu for path /home/ethan/Documents/github/HWI/Marco_Polo/src/data/cocktail_data/MSC3_1536_cocktail_list_complist.csv
DEBUG	2020-12-14 16:21:19,480	polo.crystallography.run	1835	Added 1536 Cocktails
DEBUG	2020-12-14 16:21:19,480	polo.crystallography.run	1823	Created Menu for path /home/ethan/Documents/github/HWI/Marco_Polo/src/data/cocktail_data/MSC4_1536_cocktail_list_complist-for-web.csv
DEBUG	2020-12-14 16:21:19,514	polo.crystallography.run	1835	Added 1536 Cocktails
DEBUG	2020-12-14 16:21:19,514	polo.crystallography.run	1823	Created Menu for path /home/ethan/Documents/github/HWI/Marco_Polo/src/data/cocktail_data/MSC6_1536_cocktail_list_complist.csv
DEBUG	2020-12-14 16:21:19,542	polo.crystallography.run	1835	Added 1536 Cocktails
DEBUG	2020-12-14 16:21:19,542	polo.crystallography.run	1823	Created Menu for path /home/ethan/Documents/github/HWI/Marco_Polo/src/data/cocktail_data/13_C1536.csv
DEBUG	2020-12-14 16:21:19,569	polo.crystallography.run	1835	Added 1536 Cocktails
DEBUG	2020-12-14 16:21:19,569	polo.crystallography.run	1823	Created Menu for path /home/ethan/Documents/github/HWI/Marco_Polo/src/data/cocktail_data/13A_C1536.csv
DEBUG	2020-12-14 16:21:19,596	polo.crystallography.run	1835	Added 1536 Cocktails
DEBUG	2020-12-14 16:21:19,596	polo.crystallography.run	1823	Created Menu for path /home/ethan/Documents/github/HWI/Marco_Polo/src/data/cocktail_data/10_C1536.csv
DEBUG	2020-12-14 16:21:19,772	polo.crystallography.run	1835	Added 1536 Cocktails
DEBUG	2020-12-14 16:21:19,772	polo.crystallography.run	1823	Created Menu for path /home/ethan/Documents/github/HWI/Marco_Polo/src/data/cocktail_data/17_C1536_B.csv
DEBUG	2020-12-14 16:21:19,799	polo.crystallography.run	1835	Added 1536 Cocktails
DEBUG	2020-12-14 16:21:19,799	polo.crystallography.run	1823	Created Menu for path /home/ethan/Documents/github/HWI/Marco_Polo/src/data/cocktail_data/14_C1536.csv
DEBUG	2020-12-14 16:21:19,826	polo.crystallography.run	1835	Added 1536 Cocktails
DEBUG	2020-12-14 16:21:19,827	polo.crystallography.run	1823	Created Menu for path /home/ethan/Documents/github/HWI/Marco_Polo/src/data/cocktail_data/11_C1536.csv
DEBUG	2020-12-14 16:21:19,859	polo.crystallography.run	1835	Added 1536 Cocktails
DEBUG	2020-12-14 16:21:19,859	polo.crystallography.run	1823	Created Menu for path /home/ethan/Documents/github/HWI/Marco_Polo/src/data/cocktail_data/16_C1536.csv
DEBUG	2020-12-14 16:21:19,888	polo.crystallography.run	1835	Added 1536 Cocktails
DEBUG	2020-12-14 16:21:19,888	polo.crystallography.run	1823	Created Menu for path /home/ethan/Documents/github/HWI/Marco_Polo/src/data/cocktail_data/12_C1536.csv
DEBUG	2020-12-14 16:21:19,915	polo.crystallography.run	1835	Added 1536 Cocktails
DEBUG	2020-12-14 16:21:19,915	polo.crystallography.run	1823	Created Menu for path /home/ethan/Documents/github/HWI/Marco_Polo/src/data/cocktail_data/9_C1536.csv
DEBUG	2020-12-14 16:21:19,943	polo.crystallography.run	1835	Added 1536 Cocktails
DEBUG	2020-12-14 16:21:19,943	polo.crystallography.run	1823	Created Menu for path /home/ethan/Documents/github/HWI/Marco_Polo/src/data/cocktail_data/15_C1536.csv
